<?xml version="1.0" encoding="UTF-8"?>
<!-- Generated by org.testng.reporters.JUnitReportReporter -->
<testsuite skipped="0" hostname="DESKTOP-FID49DI" name="com.tests.CreateReadUpdateInventories" tests="1" failures="0" timestamp="04 Aug 2021 11:10:17 GMT" time="34.508" errors="0">
  <testcase name="createReadandUpdateNewWarehouse" time="34.508" classname="com.tests.CreateReadUpdateInventories"/>
</testsuite> <!-- com.tests.CreateReadUpdateInventories -->
